<?xml version="1.0" encoding="UTF-8"?>
<!-- Generated by org.testng.reporters.JUnitReportReporter -->
<testsuite skipped="0" hostname="LAPTOP-4DVT6KC1" name="onlineStore.LandingPageTest" tests="1" failures="0" timestamp="2020-05-17T03:16:01 IST" time="1.029" errors="0">
  <testcase name="validateTitle" time="1.029" classname="onlineStore.LandingPageTest"/>
</testsuite> <!-- onlineStore.LandingPageTest -->
