<?xml version="1.0" encoding="UTF-8"?>
<!-- Generated by org.testng.reporters.JUnitReportReporter -->
<testsuite skipped="0" hostname="LAPTOP-4DVT6KC1" name="onlineStore.LandingPageTest" tests="2" failures="0" timestamp="2020-05-17T07:58:18 IST" time="1.491" errors="0">
  <testcase name="validateTitle" time="1.010" classname="onlineStore.LandingPageTest"/>
  <testcase name="validatePopularProductList" time="0.481" classname="onlineStore.LandingPageTest"/>
</testsuite> <!-- onlineStore.LandingPageTest -->
