<?xml version="1.0" encoding="UTF-8"?>
<!-- Generated by org.testng.reporters.JUnitReportReporter -->
<testsuite skipped="0" hostname="LAPTOP-4DVT6KC1" name="onlineStore.ContactUsTest" tests="1" failures="0" timestamp="2020-05-16T22:53:44 IST" time="3.762" errors="0">
  <testcase name="sendAMessage" time="3.762" classname="onlineStore.ContactUsTest"/>
</testsuite> <!-- onlineStore.ContactUsTest -->
