<?xml version="1.0" encoding="UTF-8"?>
<!-- Generated by org.testng.reporters.JUnitReportReporter -->
<testsuite skipped="0" hostname="LAPTOP-4DVT6KC1" name="onlineStore.SignInPageTest" tests="2" failures="0" timestamp="2020-05-18T02:50:31 IST" time="0.877" errors="0">
  <testcase name="checkSignInPageLanding" time="0.050" classname="onlineStore.SignInPageTest"/>
  <testcase name="validateExistingAccountAlert" time="0.827" classname="onlineStore.SignInPageTest"/>
</testsuite> <!-- onlineStore.SignInPageTest -->
