<?xml version="1.0" encoding="UTF-8"?>
<!-- Generated by org.testng.reporters.JUnitReportReporter -->
<testsuite skipped="0" hostname="LAPTOP-4DVT6KC1" name="onlineStore.ContactUsTest" tests="2" failures="0" timestamp="2020-05-17T02:30:16 IST" time="4.958" errors="0">
  <testcase name="sendAMessage" time="3.914" classname="onlineStore.ContactUsTest"/>
  <testcase name="validateCustomerServiceText" time="1.044" classname="onlineStore.ContactUsTest"/>
</testsuite> <!-- onlineStore.ContactUsTest -->
