<?xml version="1.0" encoding="UTF-8"?>
<!-- Generated by org.testng.reporters.JUnitReportReporter -->
<testsuite skipped="0" hostname="LAPTOP-4DVT6KC1" name="onlineStore.ContactUsTest" tests="2" failures="0" timestamp="2020-05-17T07:58:18 IST" time="2.078" errors="0">
  <testcase name="sendAMessage" time="1.995" classname="onlineStore.ContactUsTest"/>
  <testcase name="validateCustomerServiceText" time="0.083" classname="onlineStore.ContactUsTest"/>
</testsuite> <!-- onlineStore.ContactUsTest -->
