<?xml version="1.0" encoding="UTF-8"?>
<!-- Generated by org.testng.reporters.JUnitReportReporter -->
<testsuite skipped="0" hostname="LAPTOP-4DVT6KC1" name="Academy.E2EProject.HomePage" tests="2" failures="0" timestamp="2020-05-12T06:06:59 IST" time="18.382" errors="0">
  <testcase name="basePageNavigation" time="10.446" classname="Academy.E2EProject.HomePage"/>
  <system-out/>
  <testcase name="basePageNavigation" time="7.936" classname="Academy.E2EProject.HomePage"/>
  <system-out/>
</testsuite> <!-- Academy.E2EProject.HomePage -->
