<?xml version="1.0" encoding="UTF-8"?>
<!-- Generated by org.testng.reporters.JUnitReportReporter -->
<testsuite skipped="0" hostname="LAPTOP-4DVT6KC1" name="Academy.E2EProject.ValidateTitle_Test" tests="1" failures="0" timestamp="2020-05-13T06:19:20 IST" time="1.132" errors="0">
  <testcase name="validateTitle" time="1.132" classname="Academy.E2EProject.ValidateTitle_Test"/>
</testsuite> <!-- Academy.E2EProject.ValidateTitle_Test -->
