<?xml version="1.0" encoding="UTF-8"?>
<!-- Generated by org.testng.reporters.JUnitReportReporter -->
<testsuite skipped="0" hostname="LAPTOP-4DVT6KC1" name="Academy.E2EProject.HomePage_Test" tests="2" failures="0" timestamp="2020-05-14T02:03:01 IST" time="16.298" errors="0">
  <testcase name="basePageNavigation" time="6.114" classname="Academy.E2EProject.HomePage_Test"/>
  <testcase name="basePageNavigation" time="10.184" classname="Academy.E2EProject.HomePage_Test"/>
</testsuite> <!-- Academy.E2EProject.HomePage_Test -->
