<?xml version="1.0" encoding="UTF-8"?>
<!-- Generated by org.testng.reporters.JUnitReportReporter -->
<testsuite skipped="0" hostname="LAPTOP-4DVT6KC1" name="Academy.E2EProject.ValidateTitle" tests="1" failures="0" timestamp="2020-05-12T06:02:02 IST" time="0.041" errors="0">
  <testcase name="validateTitle" time="0.041" classname="Academy.E2EProject.ValidateTitle"/>
  <system-out/>
</testsuite> <!-- Academy.E2EProject.ValidateTitle -->
